<?xml version="1.0" encoding="UTF-8"?>
<testng-results skipped="0" failed="0" ignored="0" total="1" passed="1">
  <reporter-output>
  </reporter-output>
  <suite name="Suite" duration-ms="6881" started-at="2020-04-29T00:59:13 IST" finished-at="2020-04-29T00:59:20 IST">
    <groups>
    </groups>
    <test name="Test" duration-ms="6881" started-at="2020-04-29T00:59:13 IST" finished-at="2020-04-29T00:59:20 IST">
      <class name="com.java.mavenjenkins1.mavenjenkins1.App">
        <test-method status="PASS" signature="FirstTest()[pri:0, instance:com.java.mavenjenkins1.mavenjenkins1.App@394e1a0f]" name="FirstTest" duration-ms="6829" started-at="2020-04-29T00:59:13 IST" finished-at="2020-04-29T00:59:20 IST">
          <reporter-output>
          </reporter-output>
        </test-method> <!-- FirstTest -->
      </class> <!-- com.java.mavenjenkins1.mavenjenkins1.App -->
    </test> <!-- Test -->
  </suite> <!-- Suite -->
</testng-results>
