<?xml version="1.0" encoding="UTF-8"?>
<testng-results skipped="0" failed="0" ignored="0" total="1" passed="1">
  <reporter-output>
  </reporter-output>
  <suite name="Suite" duration-ms="15087" started-at="2020-05-11T18:41:09Z" finished-at="2020-05-11T18:41:24Z">
    <groups>
    </groups>
    <test name="Test" duration-ms="15087" started-at="2020-05-11T18:41:09Z" finished-at="2020-05-11T18:41:24Z">
      <class name="com.java.mavenjenkins1.mavenjenkins1.App">
        <test-method status="PASS" signature="FirstTest()[pri:0, instance:com.java.mavenjenkins1.mavenjenkins1.App@12405818]" name="FirstTest" duration-ms="15044" started-at="2020-05-11T18:41:09Z" finished-at="2020-05-11T18:41:24Z">
          <reporter-output>
          </reporter-output>
        </test-method> <!-- FirstTest -->
      </class> <!-- com.java.mavenjenkins1.mavenjenkins1.App -->
    </test> <!-- Test -->
  </suite> <!-- Suite -->
</testng-results>
