<?xml version="1.0" encoding="UTF-8"?>
<testng-results skipped="0" failed="0" ignored="0" total="1" passed="1">
  <reporter-output>
  </reporter-output>
  <suite name="Suite" duration-ms="8660" started-at="2020-04-28T20:55:22Z" finished-at="2020-04-28T20:55:30Z">
    <groups>
    </groups>
    <test name="Test" duration-ms="8660" started-at="2020-04-28T20:55:22Z" finished-at="2020-04-28T20:55:30Z">
      <class name="com.java.mavenjenkins1.mavenjenkins1.App">
        <test-method status="PASS" signature="FirstTest()[pri:0, instance:com.java.mavenjenkins1.mavenjenkins1.App@80ec1f8]" name="FirstTest" duration-ms="8623" started-at="2020-04-28T20:55:22Z" finished-at="2020-04-28T20:55:30Z">
          <reporter-output>
          </reporter-output>
        </test-method> <!-- FirstTest -->
      </class> <!-- com.java.mavenjenkins1.mavenjenkins1.App -->
    </test> <!-- Test -->
  </suite> <!-- Suite -->
</testng-results>
