<?xml version="1.0" encoding="UTF-8"?>
<testng-results skipped="0" failed="0" ignored="0" total="1" passed="1">
  <reporter-output>
  </reporter-output>
  <suite name="Suite" duration-ms="10386" started-at="2020-05-10T17:59:50 IST" finished-at="2020-05-10T18:00:01 IST">
    <groups>
    </groups>
    <test name="Test" duration-ms="10386" started-at="2020-05-10T17:59:50 IST" finished-at="2020-05-10T18:00:01 IST">
      <class name="com.java.mavenjenkins1.mavenjenkins1.App">
        <test-method status="PASS" signature="FirstTest()[pri:0, instance:com.java.mavenjenkins1.mavenjenkins1.App@167fdd33]" name="FirstTest" duration-ms="10320" started-at="2020-05-10T17:59:50 IST" finished-at="2020-05-10T18:00:01 IST">
          <reporter-output>
          </reporter-output>
        </test-method> <!-- FirstTest -->
      </class> <!-- com.java.mavenjenkins1.mavenjenkins1.App -->
    </test> <!-- Test -->
  </suite> <!-- Suite -->
</testng-results>
